#
# A fatal error has been detected by the Java Runtime Environment:
#
#  SIGSEGV (0xb) at pc=0x00007fe2afda8d3f, pid=18727, tid=140611159316224
#
# JRE version: OpenJDK Runtime Environment (8.0_91-b14) (build 1.8.0_91-8u91-b14-3ubuntu1~16.04.1-b14)
# Java VM: OpenJDK 64-Bit Server VM (25.91-b14 mixed mode linux-amd64 compressed oops)
# Problematic frame:
# V  [libjvm.so+0x38bd3f]
#
# Failed to write core dump. Core dumps have been disabled. To enable core dumping, try "ulimit -c unlimited" before starting Java again
#
# If you would like to submit a bug report, please visit:
#   http://bugreport.java.com/bugreport/crash.jsp
#

---------------  T H R E A D  ---------------

Current thread (0x00007fe2a80ac000):  JavaThread "C1 CompilerThread1" daemon [_thread_in_native, id=18739, stack(0x00007fe29623d000,0x00007fe29633e000)]

siginfo: si_signo: 11 (SIGSEGV), si_code: 128 (SI_KERNEL), si_addr: 0x0000000000000000

Registers:
RAX=0x00007fe270064fd0, RBX=0x0000000000000002, RCX=0x00007fe2b0b662c0, RDX=0x0000000000000001
RSP=0x00007fe29633bf30, RBP=0x00007fe29633c2e0, RSI=0x0000000000000000, RDI=0x00007fe29633bfb0
R8 =0x0000000000000008, R9 =0x00007fe270064190, R10=0x0000000000000020, R11=0x00007fe270065cf0
R12=0x00000000000000c0, R13=0x00007fe29633c330, R14=0x00007fe270065f20, R15=0x00007fe29633c6e0
RIP=0x00007fe2afda8d3f, EFLAGS=0x0000000000010202, CSGSFS=0x0000000000000033, ERR=0x0000000000000000
  TRAPNO=0x000000000000000d

Top of Stack: (sp=0x00007fe29633bf30)
0x00007fe29633bf30:   00007fe29633c040 0000000000000010
0x00007fe29633bf40:   00007fe29633bfe0 00007fe29633bfb0
0x00007fe29633bf50:   00007fe270179a20 fffffffffffffff8
0x00007fe29633bf60:   00007fe270065f20 00000000000000c0
0x00007fe29633bf70:   0000000000000000 00007fe29633c010
0x00007fe29633bf80:   0000000000000000 0000000000000010
0x00007fe29633bf90:   00007fe29633c080 00007fe200000000
0x00007fe29633bfa0:   0000000000000042 00007fe2b0360679
0x00007fe29633bfb0:   00007fe2b0865478 00007fe270064a10
0x00007fe29633bfc0:   0000000000000000 0000000000000001
0x00007fe29633bfd0:   00007fe29633c030 00007fe2afdd1bb9
0x00007fe29633bfe0:   00007fe200000003 00007fe270064a38
0x00007fe29633bff0:   00007fe270064a28 00007fe200000001
0x00007fe29633c000:   00007fe29633c020 00007fe29633c1c0
0x00007fe29633c010:   00007fe29633c320 00007fe270064190
0x00007fe29633c020:   fffffffffffffff8 00007fe29633c150
0x00007fe29633c030:   00007fe29633c150 00007fe29633c1c0
0x00007fe29633c040:   0000000000000000 00007fe2afd5f600
0x00007fe29633c050:   0000000000000000 00007fe270064700
0x00007fe29633c060:   00007fe270066150 0000000000000000
0x00007fe29633c070:   0000000000000000 00007fe200000004
0x00007fe29633c080:   0000000000000000 0000000000000000
0x00007fe29633c090:   00007fe200000000 0000000000000000
0x00007fe29633c0a0:   00007fe270064990 00007fe2b0360679
0x00007fe29633c0b0:   00000000000000ad 00007fe270064e40
0x00007fe29633c0c0:   0000000000000000 0000000000000001
0x00007fe29633c0d0:   00007fe29633c130 00007fe2afdd1bb9
0x00007fe29633c0e0:   00007fe200000003 00007fe270064e68
0x00007fe29633c0f0:   00007fe270064e58 00007fe29633c1c0
0x00007fe29633c100:   00007fe29633c150 00007fe2afdd2012
0x00007fe29633c110:   fffffffffffffff8 0000000000000000
0x00007fe29633c120:   00007fe270064d30 0000000000000000 

Instructions: (pc=0x00007fe2afda8d3f)
0x00007fe2afda8d1f:   ff ff 48 8b 85 80 fc ff ff 48 8b b5 90 fc ff ff
0x00007fe2afda8d2f:   ba 01 00 00 00 48 8b bd 68 fc ff ff 48 8b 40 28
0x00007fe2afda8d3f:   48 8b 04 30 48 8b b5 88 fc ff ff 48 89 85 c0 fc
0x00007fe2afda8d4f:   ff ff e8 5a 2f f7 ff 48 8b 85 f8 fc ff ff 48 8b 

Register to memory mapping:

RAX=0x00007fe270064fd0 is an unknown value
RBX=0x0000000000000002 is an unknown value
RCX=0x00007fe2b0b662c0: <offset 0x2182c0> in /lib/x86_64-linux-gnu/libpthread.so.0 at 0x00007fe2b094e000
RDX=0x0000000000000001 is an unknown value
RSP=0x00007fe29633bf30 is pointing into the stack for thread: 0x00007fe2a80ac000
RBP=0x00007fe29633c2e0 is pointing into the stack for thread: 0x00007fe2a80ac000
RSI=0x0000000000000000 is an unknown value
RDI=0x00007fe29633bfb0 is pointing into the stack for thread: 0x00007fe2a80ac000
R8 =0x0000000000000008 is an unknown value
R9 =0x00007fe270064190 is an unknown value
R10=0x0000000000000020 is an unknown value
R11=0x00007fe270065cf0 is an unknown value
R12=0x00000000000000c0 is an unknown value
R13=0x00007fe29633c330 is pointing into the stack for thread: 0x00007fe2a80ac000
R14=0x00007fe270065f20 is an unknown value
R15=0x00007fe29633c6e0 is pointing into the stack for thread: 0x00007fe2a80ac000


Stack: [0x00007fe29623d000,0x00007fe29633e000],  sp=0x00007fe29633bf30,  free space=1019k
Native frames: (J=compiled Java code, j=interpreted, Vv=VM code, C=native code)
V  [libjvm.so+0x38bd3f]
V  [libjvm.so+0x390029]
V  [libjvm.so+0x31f997]
V  [libjvm.so+0x3208be]
V  [libjvm.so+0x320b52]
V  [libjvm.so+0x321002]
V  [libjvm.so+0x321ce7]
V  [libjvm.so+0x47160c]
V  [libjvm.so+0x473447]
V  [libjvm.so+0xa02f03]
V  [libjvm.so+0xa033e4]
V  [libjvm.so+0x8abeb2]
C  [libpthread.so.0+0x76fa]  start_thread+0xca


Current CompileTask:
C1:   1065  170       1       java.util.zip.ZStreamRef::address (5 bytes)


---------------  P R O C E S S  ---------------

Java Threads: ( => current thread )
  0x00007fe2a80ae800 JavaThread "Service Thread" daemon [_thread_blocked, id=18740, stack(0x00007fe29613c000,0x00007fe29623d000)]
=>0x00007fe2a80ac000 JavaThread "C1 CompilerThread1" daemon [_thread_in_native, id=18739, stack(0x00007fe29623d000,0x00007fe29633e000)]
  0x00007fe2a80a9000 JavaThread "C2 CompilerThread0" daemon [_thread_blocked, id=18738, stack(0x00007fe29633e000,0x00007fe29643f000)]
  0x00007fe2a80a7000 JavaThread "Signal Dispatcher" daemon [_thread_blocked, id=18737, stack(0x00007fe29643f000,0x00007fe296540000)]
  0x00007fe2a807f800 JavaThread "Finalizer" daemon [_thread_blocked, id=18736, stack(0x00007fe296eff000,0x00007fe297000000)]
  0x00007fe2a807b000 JavaThread "Reference Handler" daemon [_thread_blocked, id=18735, stack(0x00007fe2ac020000,0x00007fe2ac121000)]
  0x00007fe2a800a800 JavaThread "main" [_thread_in_vm, id=18729, stack(0x00007fe2b165f000,0x00007fe2b1760000)]

Other Threads:
  0x00007fe2a8073800 VMThread [stack: 0x00007fe2ac121000,0x00007fe2ac222000] [id=18734]
  0x00007fe2a80bd800 WatcherThread [stack: 0x00007fe29603b000,0x00007fe29613c000] [id=18741]

VM state:not at safepoint (normal execution)

VM Mutex/Monitor currently owned by a thread: None

Heap:
 PSYoungGen      total 36864K, used 3837K [0x00000000eab00000, 0x00000000ed400000, 0x0000000100000000)
  eden space 31744K, 12% used [0x00000000eab00000,0x00000000eaebf5f8,0x00000000eca00000)
  from space 5120K, 0% used [0x00000000ecf00000,0x00000000ecf00000,0x00000000ed400000)
  to   space 5120K, 0% used [0x00000000eca00000,0x00000000eca00000,0x00000000ecf00000)
 ParOldGen       total 84992K, used 0K [0x00000000c0000000, 0x00000000c5300000, 0x00000000eab00000)
  object space 84992K, 0% used [0x00000000c0000000,0x00000000c0000000,0x00000000c5300000)
 Metaspace       used 3709K, capacity 5072K, committed 5376K, reserved 1056768K
  class space    used 402K, capacity 456K, committed 512K, reserved 1048576K

Card table byte_map: [0x00007fe2adb2a000,0x00007fe2add2b000] byte_map_base: 0x00007fe2ad52a000

Marking Bits: (ParMarkBitMap*) 0x00007fe2b0931fc0
 Begin Bits: [0x00007fe297000000, 0x00007fe298000000)
 End Bits:   [0x00007fe298000000, 0x00007fe299000000)

Polling page: 0x00007fe2b1783000

CodeCache: size=245760Kb used=1457Kb max_used=1457Kb free=244302Kb
 bounds [0x00007fe299000000, 0x00007fe299270000, 0x00007fe2a8000000]
 total_blobs=423 nmethods=169 adapters=170
 compilation: enabled

Compilation events (10 events):
Event: 1.043 Thread 0x00007fe2a80ac000 nmethod 165 0x00007fe299168510 code [0x00007fe299168680, 0x00007fe299168828]
Event: 1.043 Thread 0x00007fe2a80ac000  166       1       sun.misc.URLClassPath$JarLoader::access$500 (5 bytes)
Event: 1.043 Thread 0x00007fe2a80ac000 nmethod 166 0x00007fe299168950 code [0x00007fe299168aa0, 0x00007fe299168b90]
Event: 1.045 Thread 0x00007fe2a80ac000  167   !   3       java.util.zip.ZipFile$ZipFileInputStream::close (110 bytes)
Event: 1.046 Thread 0x00007fe2a80ac000 nmethod 167 0x00007fe299168c10 code [0x00007fe299168dc0, 0x00007fe2991695d8]
Event: 1.046 Thread 0x00007fe2a80ac000  168       3       java.util.WeakHashMap::remove (133 bytes)
Event: 1.047 Thread 0x00007fe2a80ac000 nmethod 168 0x00007fe299169950 code [0x00007fe299169b40, 0x00007fe29916a608]
Event: 1.054 Thread 0x00007fe2a80ac000  169   !   3       java.util.zip.InflaterInputStream::read (138 bytes)
Event: 1.059 Thread 0x00007fe2a80ac000 nmethod 169 0x00007fe29916aa90 code [0x00007fe29916ad20, 0x00007fe29916be28]
Event: 1.062 Thread 0x00007fe2a80ac000  170       1       java.util.zip.ZStreamRef::address (5 bytes)

GC Heap History (0 events):
No events

Deoptimization events (0 events):
No events

Internal exceptions (2 events):
Event: 0.082 Thread 0x00007fe2a800a800 Exception <a 'java/lang/NoSuchMethodError': Method sun.misc.Unsafe.defineClass(Ljava/lang/String;[BII)Ljava/lang/Class; name or signature does not match> (0x00000000eab07cc0) thrown at [/build/openjdk-8-W1Ghxo/openjdk-8-8u91-b14/src/hotspot/src/share/vm/p
Event: 0.082 Thread 0x00007fe2a800a800 Exception <a 'java/lang/NoSuchMethodError': Method sun.misc.Unsafe.prefetchRead(Ljava/lang/Object;J)V name or signature does not match> (0x00000000eab07fa8) thrown at [/build/openjdk-8-W1Ghxo/openjdk-8-8u91-b14/src/hotspot/src/share/vm/prims/jni.cpp, line

Events (10 events):
Event: 1.024 loading class com/android/dx/cf/iface/StdMethod
Event: 1.024 loading class com/android/dx/cf/iface/StdMethod done
Event: 1.025 loading class com/android/dx/rop/code/AccessFlags
Event: 1.025 loading class com/android/dx/rop/code/AccessFlags done
Event: 1.034 loading class com/android/dx/util/Hex
Event: 1.034 loading class com/android/dx/util/Hex done
Event: 1.045 loading class com/android/dx/cf/direct/AnnotationParser
Event: 1.045 loading class com/android/dx/cf/direct/AnnotationParser done
Event: 1.051 loading class com/android/dx/rop/cst/CstByte
Event: 1.051 loading class com/android/dx/rop/cst/CstByte done


Dynamic libraries:
00400000-00401000 r-xp 00000000 08:01 15471837                           /usr/lib/jvm/java-8-openjdk-amd64/jre/bin/java
00600000-00601000 r--p 00000000 08:01 15471837                           /usr/lib/jvm/java-8-openjdk-amd64/jre/bin/java
00601000-00602000 rw-p 00001000 08:01 15471837                           /usr/lib/jvm/java-8-openjdk-amd64/jre/bin/java
01a03000-01a24000 rw-p 00000000 00:00 0                                  [heap]
c0000000-c5300000 rw-p 00000000 00:00 0 
c5300000-eab00000 ---p 00000000 00:00 0 
eab00000-ed400000 rw-p 00000000 00:00 0 
ed400000-100000000 ---p 00000000 00:00 0 
100000000-100080000 rw-p 00000000 00:00 0 
100080000-140000000 ---p 00000000 00:00 0 
7fe268000000-7fe268021000 rw-p 00000000 00:00 0 
7fe268021000-7fe26c000000 ---p 00000000 00:00 0 
7fe270000000-7fe2701b3000 rw-p 00000000 00:00 0 
7fe2701b3000-7fe274000000 ---p 00000000 00:00 0 
7fe274000000-7fe274021000 rw-p 00000000 00:00 0 
7fe274021000-7fe278000000 ---p 00000000 00:00 0 
7fe278000000-7fe278021000 rw-p 00000000 00:00 0 
7fe278021000-7fe27c000000 ---p 00000000 00:00 0 
7fe27c000000-7fe27c08e000 rw-p 00000000 00:00 0 
7fe27c08e000-7fe280000000 ---p 00000000 00:00 0 
7fe280000000-7fe280021000 rw-p 00000000 00:00 0 
7fe280021000-7fe284000000 ---p 00000000 00:00 0 
7fe284000000-7fe284021000 rw-p 00000000 00:00 0 
7fe284021000-7fe288000000 ---p 00000000 00:00 0 
7fe288000000-7fe288021000 rw-p 00000000 00:00 0 
7fe288021000-7fe28c000000 ---p 00000000 00:00 0 
7fe28c000000-7fe28c021000 rw-p 00000000 00:00 0 
7fe28c021000-7fe290000000 ---p 00000000 00:00 0 
7fe290000000-7fe290021000 rw-p 00000000 00:00 0 
7fe290021000-7fe294000000 ---p 00000000 00:00 0 
7fe296002000-7fe296011000 r--s 000df000 08:01 7212021                    /home/qtm-c-android/Android/Sdk/build-tools/23.0.3/lib/dx.jar
7fe296011000-7fe296016000 r--s 0003b000 08:01 15471919                   /usr/lib/jvm/java-8-openjdk-amd64/jre/lib/ext/sunjce_provider.jar
7fe296016000-7fe296020000 r--s 00116000 08:01 15471921                   /usr/lib/jvm/java-8-openjdk-amd64/jre/lib/ext/localedata.jar
7fe296020000-7fe29603b000 r--s 001d7000 08:01 15471913                   /usr/lib/jvm/java-8-openjdk-amd64/jre/lib/ext/nashorn.jar
7fe29603b000-7fe29603c000 ---p 00000000 00:00 0 
7fe29603c000-7fe29613c000 rw-p 00000000 00:00 0 
7fe29613c000-7fe29613f000 ---p 00000000 00:00 0 
7fe29613f000-7fe29623d000 rw-p 00000000 00:00 0 
7fe29623d000-7fe296240000 ---p 00000000 00:00 0 
7fe296240000-7fe29633e000 rw-p 00000000 00:00 0 
7fe29633e000-7fe296341000 ---p 00000000 00:00 0 
7fe296341000-7fe29643f000 rw-p 00000000 00:00 0 
7fe29643f000-7fe296442000 ---p 00000000 00:00 0 
7fe296442000-7fe296540000 rw-p 00000000 00:00 0 
7fe296540000-7fe296eff000 r--p 00000000 08:01 15211310                   /usr/lib/locale/locale-archive
7fe296eff000-7fe296f02000 ---p 00000000 00:00 0 
7fe296f02000-7fe299000000 rw-p 00000000 00:00 0 
7fe299000000-7fe299270000 rwxp 00000000 00:00 0 
7fe299270000-7fe2a8000000 ---p 00000000 00:00 0 
7fe2a8000000-7fe2a8176000 rw-p 00000000 00:00 0 
7fe2a8176000-7fe2ac000000 ---p 00000000 00:00 0 
7fe2ac000000-7fe2ac001000 r--s 00002000 08:01 10224401                   /home/qtm-c-android/Data/Projects/OpenTable/Dunkin/Dunkin_CustomerApp/Code/Dunkin_CustomerApp/app/build/intermediates/exploded-aar/com.android.support/animated-vector-drawable/23.4.0/jars/classes.jar
7fe2ac001000-7fe2ac01d000 r--s 00393000 08:01 15471915                   /usr/lib/jvm/java-8-openjdk-amd64/jre/lib/ext/cldrdata.jar
7fe2ac01d000-7fe2ac020000 r--s 0000f000 08:01 15471920                   /usr/lib/jvm/java-8-openjdk-amd64/jre/lib/ext/icedtea-sound.jar
7fe2ac020000-7fe2ac023000 ---p 00000000 00:00 0 
7fe2ac023000-7fe2ac121000 rw-p 00000000 00:00 0 
7fe2ac121000-7fe2ac122000 ---p 00000000 00:00 0 
7fe2ac122000-7fe2acb8e000 rw-p 00000000 00:00 0 
7fe2acb8e000-7fe2acd5c000 r--s 03beb000 08:01 15471901                   /usr/lib/jvm/java-8-openjdk-amd64/jre/lib/rt.jar
7fe2acd5c000-7fe2ad292000 rw-p 00000000 00:00 0 
7fe2ad292000-7fe2ad5d2000 ---p 00000000 00:00 0 
7fe2ad5d2000-7fe2ad7d2000 rw-p 00000000 00:00 0 
7fe2ad7d2000-7fe2ad7d3000 ---p 00000000 00:00 0 
7fe2ad7d3000-7fe2ad8d3000 rw-p 00000000 00:00 0 
7fe2ad8d3000-7fe2ad8d4000 ---p 00000000 00:00 0 
7fe2ad8d4000-7fe2ad9fe000 rw-p 00000000 00:00 0 
7fe2ad9fe000-7fe2adb2a000 ---p 00000000 00:00 0 
7fe2adb2a000-7fe2adb54000 rw-p 00000000 00:00 0 
7fe2adb54000-7fe2adc7f000 ---p 00000000 00:00 0 
7fe2adc7f000-7fe2adc94000 rw-p 00000000 00:00 0 
7fe2adc94000-7fe2add2a000 ---p 00000000 00:00 0 
7fe2add2a000-7fe2add35000 rw-p 00000000 00:00 0 
7fe2add35000-7fe2ae0eb000 ---p 00000000 00:00 0 
7fe2ae0eb000-7fe2ae0f3000 r-xp 00000000 08:01 15471869                   /usr/lib/jvm/java-8-openjdk-amd64/jre/lib/amd64/libzip.so
7fe2ae0f3000-7fe2ae2f2000 ---p 00008000 08:01 15471869                   /usr/lib/jvm/java-8-openjdk-amd64/jre/lib/amd64/libzip.so
7fe2ae2f2000-7fe2ae2f3000 r--p 00007000 08:01 15471869                   /usr/lib/jvm/java-8-openjdk-amd64/jre/lib/amd64/libzip.so
7fe2ae2f3000-7fe2ae2f4000 rw-p 00008000 08:01 15471869                   /usr/lib/jvm/java-8-openjdk-amd64/jre/lib/amd64/libzip.so
7fe2ae2f4000-7fe2ae2ff000 r-xp 00000000 08:01 8393153                    /lib/x86_64-linux-gnu/libnss_files-2.23.so
7fe2ae2ff000-7fe2ae4fe000 ---p 0000b000 08:01 8393153                    /lib/x86_64-linux-gnu/libnss_files-2.23.so
7fe2ae4fe000-7fe2ae4ff000 r--p 0000a000 08:01 8393153                    /lib/x86_64-linux-gnu/libnss_files-2.23.so
7fe2ae4ff000-7fe2ae500000 rw-p 0000b000 08:01 8393153                    /lib/x86_64-linux-gnu/libnss_files-2.23.so
7fe2ae500000-7fe2ae506000 rw-p 00000000 00:00 0 
7fe2ae506000-7fe2ae511000 r-xp 00000000 08:01 8393163                    /lib/x86_64-linux-gnu/libnss_nis-2.23.so
7fe2ae511000-7fe2ae710000 ---p 0000b000 08:01 8393163                    /lib/x86_64-linux-gnu/libnss_nis-2.23.so
7fe2ae710000-7fe2ae711000 r--p 0000a000 08:01 8393163                    /lib/x86_64-linux-gnu/libnss_nis-2.23.so
7fe2ae711000-7fe2ae712000 rw-p 0000b000 08:01 8393163                    /lib/x86_64-linux-gnu/libnss_nis-2.23.so
7fe2ae712000-7fe2ae728000 r-xp 00000000 08:01 8393147                    /lib/x86_64-linux-gnu/libnsl-2.23.so
7fe2ae728000-7fe2ae927000 ---p 00016000 08:01 8393147                    /lib/x86_64-linux-gnu/libnsl-2.23.so
7fe2ae927000-7fe2ae928000 r--p 00015000 08:01 8393147                    /lib/x86_64-linux-gnu/libnsl-2.23.so
7fe2ae928000-7fe2ae929000 rw-p 00016000 08:01 8393147                    /lib/x86_64-linux-gnu/libnsl-2.23.so
7fe2ae929000-7fe2ae92b000 rw-p 00000000 00:00 0 
7fe2ae92b000-7fe2ae933000 r-xp 00000000 08:01 8393149                    /lib/x86_64-linux-gnu/libnss_compat-2.23.so
7fe2ae933000-7fe2aeb32000 ---p 00008000 08:01 8393149                    /lib/x86_64-linux-gnu/libnss_compat-2.23.so
7fe2aeb32000-7fe2aeb33000 r--p 00007000 08:01 8393149                    /lib/x86_64-linux-gnu/libnss_compat-2.23.so
7fe2aeb33000-7fe2aeb34000 rw-p 00008000 08:01 8393149                    /lib/x86_64-linux-gnu/libnss_compat-2.23.so
7fe2aeb34000-7fe2aeb61000 r-xp 00000000 08:01 15471854                   /usr/lib/jvm/java-8-openjdk-amd64/jre/lib/amd64/libjava.so
7fe2aeb61000-7fe2aed60000 ---p 0002d000 08:01 15471854                   /usr/lib/jvm/java-8-openjdk-amd64/jre/lib/amd64/libjava.so
7fe2aed60000-7fe2aed61000 r--p 0002c000 08:01 15471854                   /usr/lib/jvm/java-8-openjdk-amd64/jre/lib/amd64/libjava.so
7fe2aed61000-7fe2aed63000 rw-p 0002d000 08:01 15471854                   /usr/lib/jvm/java-8-openjdk-amd64/jre/lib/amd64/libjava.so
7fe2aed63000-7fe2aed72000 r-xp 00000000 08:01 15471855                   /usr/lib/jvm/java-8-openjdk-amd64/jre/lib/amd64/libverify.so
7fe2aed72000-7fe2aef71000 ---p 0000f000 08:01 15471855                   /usr/lib/jvm/java-8-openjdk-amd64/jre/lib/amd64/libverify.so
7fe2aef71000-7fe2aef73000 r--p 0000e000 08:01 15471855                   /usr/lib/jvm/java-8-openjdk-amd64/jre/lib/amd64/libverify.so
7fe2aef73000-7fe2aef74000 rw-p 00010000 08:01 15471855                   /usr/lib/jvm/java-8-openjdk-amd64/jre/lib/amd64/libverify.so
7fe2aef74000-7fe2aef7b000 r-xp 00000000 08:01 8393208                    /lib/x86_64-linux-gnu/librt-2.23.so
7fe2aef7b000-7fe2af17a000 ---p 00007000 08:01 8393208                    /lib/x86_64-linux-gnu/librt-2.23.so
7fe2af17a000-7fe2af17b000 r--p 00006000 08:01 8393208                    /lib/x86_64-linux-gnu/librt-2.23.so
7fe2af17b000-7fe2af17c000 rw-p 00007000 08:01 8393208                    /lib/x86_64-linux-gnu/librt-2.23.so
7fe2af17c000-7fe2af192000 r-xp 00000000 08:01 8393092                    /lib/x86_64-linux-gnu/libgcc_s.so.1
7fe2af192000-7fe2af391000 ---p 00016000 08:01 8393092                    /lib/x86_64-linux-gnu/libgcc_s.so.1
7fe2af391000-7fe2af392000 rw-p 00015000 08:01 8393092                    /lib/x86_64-linux-gnu/libgcc_s.so.1
7fe2af392000-7fe2af49a000 r-xp 00000000 08:01 8393124                    /lib/x86_64-linux-gnu/libm-2.23.so
7fe2af49a000-7fe2af699000 ---p 00108000 08:01 8393124                    /lib/x86_64-linux-gnu/libm-2.23.so
7fe2af699000-7fe2af69a000 r--p 00107000 08:01 8393124                    /lib/x86_64-linux-gnu/libm-2.23.so
7fe2af69a000-7fe2af69b000 rw-p 00108000 08:01 8393124                    /lib/x86_64-linux-gnu/libm-2.23.so
7fe2af69b000-7fe2af80d000 r-xp 00000000 08:01 15206529                   /usr/lib/x86_64-linux-gnu/libstdc++.so.6.0.21
7fe2af80d000-7fe2afa0d000 ---p 00172000 08:01 15206529                   /usr/lib/x86_64-linux-gnu/libstdc++.so.6.0.21
7fe2afa0d000-7fe2afa17000 r--p 00172000 08:01 15206529                   /usr/lib/x86_64-linux-gnu/libstdc++.so.6.0.21
7fe2afa17000-7fe2afa19000 rw-p 0017c000 08:01 15206529                   /usr/lib/x86_64-linux-gnu/libstdc++.so.6.0.21
7fe2afa19000-7fe2afa1d000 rw-p 00000000 00:00 0 
7fe2afa1d000-7fe2b0663000 r-xp 00000000 08:01 15471867                   /usr/lib/jvm/java-8-openjdk-amd64/jre/lib/amd64/server/libjvm.so
7fe2b0663000-7fe2b0863000 ---p 00c46000 08:01 15471867                   /usr/lib/jvm/java-8-openjdk-amd64/jre/lib/amd64/server/libjvm.so
7fe2b0863000-7fe2b08f6000 r--p 00c46000 08:01 15471867                   /usr/lib/jvm/java-8-openjdk-amd64/jre/lib/amd64/server/libjvm.so
7fe2b08f6000-7fe2b091e000 rw-p 00cd9000 08:01 15471867                   /usr/lib/jvm/java-8-openjdk-amd64/jre/lib/amd64/server/libjvm.so
7fe2b091e000-7fe2b094e000 rw-p 00000000 00:00 0 
7fe2b094e000-7fe2b0966000 r-xp 00000000 08:01 8393200                    /lib/x86_64-linux-gnu/libpthread-2.23.so
7fe2b0966000-7fe2b0b65000 ---p 00018000 08:01 8393200                    /lib/x86_64-linux-gnu/libpthread-2.23.so
7fe2b0b65000-7fe2b0b66000 r--p 00017000 08:01 8393200                    /lib/x86_64-linux-gnu/libpthread-2.23.so
7fe2b0b66000-7fe2b0b67000 rw-p 00018000 08:01 8393200                    /lib/x86_64-linux-gnu/libpthread-2.23.so
7fe2b0b67000-7fe2b0b6b000 rw-p 00000000 00:00 0 
7fe2b0b6b000-7fe2b0b6e000 r-xp 00000000 08:01 8393078                    /lib/x86_64-linux-gnu/libdl-2.23.so
7fe2b0b6e000-7fe2b0d6d000 ---p 00003000 08:01 8393078                    /lib/x86_64-linux-gnu/libdl-2.23.so
7fe2b0d6d000-7fe2b0d6e000 r--p 00002000 08:01 8393078                    /lib/x86_64-linux-gnu/libdl-2.23.so
7fe2b0d6e000-7fe2b0d6f000 rw-p 00003000 08:01 8393078                    /lib/x86_64-linux-gnu/libdl-2.23.so
7fe2b0d6f000-7fe2b0d88000 r-xp 00000000 08:01 8393245                    /lib/x86_64-linux-gnu/libz.so.1.2.8
7fe2b0d88000-7fe2b0f87000 ---p 00019000 08:01 8393245                    /lib/x86_64-linux-gnu/libz.so.1.2.8
7fe2b0f87000-7fe2b0f88000 r--p 00018000 08:01 8393245                    /lib/x86_64-linux-gnu/libz.so.1.2.8
7fe2b0f88000-7fe2b0f89000 rw-p 00019000 08:01 8393245                    /lib/x86_64-linux-gnu/libz.so.1.2.8
7fe2b0f89000-7fe2b1149000 r-xp 00000000 08:01 8393054                    /lib/x86_64-linux-gnu/libc-2.23.so
7fe2b1149000-7fe2b1348000 ---p 001c0000 08:01 8393054                    /lib/x86_64-linux-gnu/libc-2.23.so
7fe2b1348000-7fe2b134c000 r--p 001bf000 08:01 8393054                    /lib/x86_64-linux-gnu/libc-2.23.so
7fe2b134c000-7fe2b134e000 rw-p 001c3000 08:01 8393054                    /lib/x86_64-linux-gnu/libc-2.23.so
7fe2b134e000-7fe2b1352000 rw-p 00000000 00:00 0 
7fe2b1352000-7fe2b135f000 r-xp 00000000 08:01 15471883                   /usr/lib/jvm/java-8-openjdk-amd64/jre/lib/amd64/jli/libjli.so
7fe2b135f000-7fe2b155f000 ---p 0000d000 08:01 15471883                   /usr/lib/jvm/java-8-openjdk-amd64/jre/lib/amd64/jli/libjli.so
7fe2b155f000-7fe2b1560000 r--p 0000d000 08:01 15471883                   /usr/lib/jvm/java-8-openjdk-amd64/jre/lib/amd64/jli/libjli.so
7fe2b1560000-7fe2b1561000 rw-p 0000e000 08:01 15471883                   /usr/lib/jvm/java-8-openjdk-amd64/jre/lib/amd64/jli/libjli.so
7fe2b1561000-7fe2b1587000 r-xp 00000000 08:01 8393026                    /lib/x86_64-linux-gnu/ld-2.23.so
7fe2b1587000-7fe2b158b000 r--s 00037000 08:01 15471922                   /usr/lib/jvm/java-8-openjdk-amd64/jre/lib/ext/sunpkcs11.jar
7fe2b158b000-7fe2b158c000 r--s 0000a000 08:01 15471917                   /usr/lib/jvm/java-8-openjdk-amd64/jre/lib/ext/jaccess.jar
7fe2b158c000-7fe2b158d000 r--s 00008000 08:01 15471916                   /usr/lib/jvm/java-8-openjdk-amd64/jre/lib/ext/sunec.jar
7fe2b158d000-7fe2b158f000 r--s 00001000 08:01 15471914                   /usr/lib/jvm/java-8-openjdk-amd64/jre/lib/ext/dnsns.jar
7fe2b158f000-7fe2b165f000 rw-p 00000000 00:00 0 
7fe2b165f000-7fe2b1662000 ---p 00000000 00:00 0 
7fe2b1662000-7fe2b1765000 rw-p 00000000 00:00 0 
7fe2b1765000-7fe2b1766000 r--s 00010000 08:01 15471918                   /usr/lib/jvm/java-8-openjdk-amd64/jre/lib/ext/zipfs.jar
7fe2b1766000-7fe2b177a000 rw-p 00000000 00:00 0 
7fe2b177a000-7fe2b1782000 rw-s 00000000 08:01 28181841                   /tmp/hsperfdata_qtm-c-android/18727
7fe2b1782000-7fe2b1783000 rw-p 00000000 00:00 0 
7fe2b1783000-7fe2b1784000 r--p 00000000 00:00 0 
7fe2b1784000-7fe2b1786000 rw-p 00000000 00:00 0 
7fe2b1786000-7fe2b1787000 r--p 00025000 08:01 8393026                    /lib/x86_64-linux-gnu/ld-2.23.so
7fe2b1787000-7fe2b1788000 rw-p 00026000 08:01 8393026                    /lib/x86_64-linux-gnu/ld-2.23.so
7fe2b1788000-7fe2b1789000 rw-p 00000000 00:00 0 
7ffd95074000-7ffd95095000 rw-p 00000000 00:00 0                          [stack]
7ffd950a6000-7ffd950a8000 r--p 00000000 00:00 0                          [vvar]
7ffd950a8000-7ffd950aa000 r-xp 00000000 00:00 0                          [vdso]
ffffffffff600000-ffffffffff601000 r-xp 00000000 00:00 0                  [vsyscall]

VM Arguments:
jvm_args: -Djava.awt.headless=true -Xmx1024M -Dfile.encoding=UTF-8 -Duser.country=IN -Duser.language=en -Duser.variant 
java_command: com.android.dx.command.Main --dex --num-threads=4 --output /home/qtm-c-android/Data/Projects/OpenTable/Dunkin/Dunkin_CustomerApp/Code/Dunkin_CustomerApp/app/build/intermediates/pre-dexed/debug/com.android.support-animated-vector-drawable-23.4.0_b9536e90b8b11e5a94ef550b8b82ca656f11f289.jar /home/qtm-c-android/Data/Projects/OpenTable/Dunkin/Dunkin_CustomerApp/Code/Dunkin_CustomerApp/app/build/intermediates/exploded-aar/com.android.support/animated-vector-drawable/23.4.0/jars/classes.jar
java_class_path (initial): /home/qtm-c-android/Android/Sdk/build-tools/23.0.3/lib/dx.jar
Launcher Type: SUN_STANDARD

Environment Variables:
PATH=/home/qtm-c-android/bin:/home/qtm-c-android/.local/bin:/usr/local/sbin:/usr/local/bin:/usr/sbin:/usr/bin:/sbin:/bin:/usr/games:/usr/local/games:/snap/bin
LD_LIBRARY_PATH=/opt/android-studio/bin:
SHELL=/bin/bash
DISPLAY=:0

Signal Handlers:
SIGSEGV: [libjvm.so+0xa5e970], sa_mask[0]=11111111011111111101111111111110, sa_flags=SA_RESTART|SA_SIGINFO
SIGBUS: [libjvm.so+0xa5e970], sa_mask[0]=11111111011111111101111111111110, sa_flags=SA_RESTART|SA_SIGINFO
SIGFPE: [libjvm.so+0x8a9ff0], sa_mask[0]=11111111011111111101111111111110, sa_flags=SA_RESTART|SA_SIGINFO
SIGPIPE: [libjvm.so+0x8a9ff0], sa_mask[0]=11111111011111111101111111111110, sa_flags=SA_RESTART|SA_SIGINFO
SIGXFSZ: [libjvm.so+0x8a9ff0], sa_mask[0]=11111111011111111101111111111110, sa_flags=SA_RESTART|SA_SIGINFO
SIGILL: [libjvm.so+0x8a9ff0], sa_mask[0]=11111111011111111101111111111110, sa_flags=SA_RESTART|SA_SIGINFO
SIGUSR1: SIG_DFL, sa_mask[0]=00000000000000000000000000000000, sa_flags=none
SIGUSR2: [libjvm.so+0x8a9ea0], sa_mask[0]=00100000000000000000000000000000, sa_flags=SA_RESTART|SA_SIGINFO
SIGHUP: [libjvm.so+0x8aa370], sa_mask[0]=11111111011111111101111111111110, sa_flags=SA_RESTART|SA_SIGINFO
SIGINT: [libjvm.so+0x8aa370], sa_mask[0]=11111111011111111101111111111110, sa_flags=SA_RESTART|SA_SIGINFO
SIGTERM: [libjvm.so+0x8aa370], sa_mask[0]=11111111011111111101111111111110, sa_flags=SA_RESTART|SA_SIGINFO
SIGQUIT: [libjvm.so+0x8aa370], sa_mask[0]=11111111011111111101111111111110, sa_flags=SA_RESTART|SA_SIGINFO


---------------  S Y S T E M  ---------------

OS:DISTRIB_ID=Ubuntu
DISTRIB_RELEASE=16.04
DISTRIB_CODENAME=xenial
DISTRIB_DESCRIPTION="Ubuntu 16.04.1 LTS"

uname:Linux 4.4.0-38-generic #57-Ubuntu SMP Tue Sep 6 15:42:33 UTC 2016 x86_64
libc:glibc 2.23 NPTL 2.23 
rlimit: STACK 8192k, CORE 0k, NPROC 31257, NOFILE 65536, AS infinity
load average:5.59 2.02 1.01

/proc/meminfo:
MemTotal:        8040676 kB
MemFree:          549992 kB
MemAvailable:    1271876 kB
Buffers:          105704 kB
Cached:          1829540 kB
SwapCached:          208 kB
Active:          4136932 kB
Inactive:        1723900 kB
Active(anon):    3610632 kB
Inactive(anon):  1348632 kB
Active(file):     526300 kB
Inactive(file):   375268 kB
Unevictable:         256 kB
Mlocked:             256 kB
SwapTotal:       6153212 kB
SwapFree:        6136956 kB
Dirty:             13080 kB
Writeback:             0 kB
AnonPages:       3925688 kB
Mapped:          1745140 kB
Shmem:           1033680 kB
Slab:             135352 kB
SReclaimable:      83620 kB
SUnreclaim:        51732 kB
KernelStack:       12720 kB
PageTables:        52600 kB
NFS_Unstable:          0 kB
Bounce:                0 kB
WritebackTmp:          0 kB
CommitLimit:    10173548 kB
Committed_AS:   11559336 kB
VmallocTotal:   34359738367 kB
VmallocUsed:           0 kB
VmallocChunk:          0 kB
HardwareCorrupted:     0 kB
AnonHugePages:   2541568 kB
CmaTotal:              0 kB
CmaFree:               0 kB
HugePages_Total:       0
HugePages_Free:        0
HugePages_Rsvd:        0
HugePages_Surp:        0
Hugepagesize:       2048 kB
DirectMap4k:      191104 kB
DirectMap2M:     8060928 kB


CPU:total 2 (2 cores per cpu, 1 threads per core) family 6 model 15 stepping 11, cmov, cx8, fxsr, mmx, sse, sse2, sse3, ssse3, tsc

/proc/cpuinfo:
processor	: 0
vendor_id	: GenuineIntel
cpu family	: 6
model		: 15
model name	: Intel(R) Core(TM)2 Duo CPU     E6550  @ 2.33GHz
stepping	: 11
microcode	: 0xb6
cpu MHz		: 1861.622
cache size	: 4096 KB
physical id	: 0
siblings	: 2
core id		: 0
cpu cores	: 2
apicid		: 0
initial apicid	: 0
fpu		: yes
fpu_exception	: yes
cpuid level	: 10
wp		: yes
flags		: fpu vme de pse tsc msr pae mce cx8 apic sep mtrr pge mca cmov pat pse36 clflush dts acpi mmx fxsr sse sse2 ss ht tm pbe syscall nx lm constant_tsc arch_perfmon pebs bts rep_good nopl aperfmperf pni dtes64 monitor ds_cpl vmx smx est tm2 ssse3 cx16 xtpr pdcm lahf_lm tpr_shadow vnmi flexpriority dtherm
bugs		:
bogomips	: 3723.24
clflush size	: 64
cache_alignment	: 64
address sizes	: 36 bits physical, 48 bits virtual
power management:

processor	: 1
vendor_id	: GenuineIntel
cpu family	: 6
model		: 15
model name	: Intel(R) Core(TM)2 Duo CPU     E6550  @ 2.33GHz
stepping	: 11
microcode	: 0xb6
cpu MHz		: 1861.622
cache size	: 4096 KB
physical id	: 0
siblings	: 2
core id		: 1
cpu cores	: 2
apicid		: 1
initial apicid	: 1
fpu		: yes
fpu_exception	: yes
cpuid level	: 10
wp		: yes
flags		: fpu vme de pse tsc msr pae mce cx8 apic sep mtrr pge mca cmov pat pse36 clflush dts acpi mmx fxsr sse sse2 ss ht tm pbe syscall nx lm constant_tsc arch_perfmon pebs bts rep_good nopl aperfmperf pni dtes64 monitor ds_cpl vmx smx est tm2 ssse3 cx16 xtpr pdcm lahf_lm tpr_shadow vnmi flexpriority dtherm
bugs		:
bogomips	: 3723.24
clflush size	: 64
cache_alignment	: 64
address sizes	: 36 bits physical, 48 bits virtual
power management:



Memory: 4k page, physical 8040676k(549992k free), swap 6153212k(6136956k free)

vm_info: OpenJDK 64-Bit Server VM (25.91-b14) for linux-amd64 JRE (1.8.0_91-8u91-b14-3ubuntu1~16.04.1-b14), built on Jul 21 2016 04:13:34 by "buildd" with gcc 5.3.1 20160413

time: Wed Sep 21 17:31:15 2016
elapsed time: 1 seconds (0d 0h 0m 1s)

